2020.07.30 14:01:14 INFO  started: Metals version 0.9.2 in workspace 'C:\Users\lenovo\Documents\code\scala\projectz\orm' for client vscode.
2020.07.30 14:01:16 INFO  time: initialize in 2.17s
2020.07.30 14:01:23 INFO  no build target: using presentation compiler with only scala-library
2020.07.30 14:01:34 WARN  no build target for: C:\Users\lenovo\Documents\code\scala\projectz\orm\src\main\scala\com\orm\api\Api.scala
2020.07.30 14:01:34 WARN  no build target for: C:\Users\lenovo\Documents\code\scala\projectz\orm\src\main\scala\com\orm\UI.scala
2020.07.30 14:01:34 INFO  running 'sbt run -Dbloop.export-jar-classifiers=sources bloopInstall'
java.lang.RuntimeException: CreateProcessW() failed, error: 2
	at com.zaxxer.nuprocess.windows.WindowsProcess.prepareProcess(WindowsProcess.java:303)
	at com.zaxxer.nuprocess.windows.WindowsProcess.start(WindowsProcess.java:230)
	at com.zaxxer.nuprocess.windows.WinProcessFactory.createProcess(WinProcessFactory.java:42)
	at com.zaxxer.nuprocess.NuProcessBuilder.start(NuProcessBuilder.java:259)
	at scala.meta.internal.builds.ShellRunner.run(ShellRunner.scala:79)
	at scala.meta.internal.builds.BloopInstall.runArgumentsUnconditionally(BloopInstall.scala:71)
	at scala.meta.internal.builds.BloopInstall.$anonfun$runUnconditionally$1(BloopInstall.scala:45)
	at scala.meta.internal.builds.BloopPluginBuildTool.bloopInstall(BloopPluginBuildTool.scala:17)
	at scala.meta.internal.builds.BloopInstall.runUnconditionally(BloopInstall.scala:43)
	at scala.meta.internal.builds.BloopInstall.$anonfun$runIfApproved$2(BloopInstall.scala:124)
	at scala.concurrent.Future.$anonfun$flatMap$1(Future.scala:307)
	at scala.concurrent.impl.Promise.$anonfun$transformWith$1(Promise.scala:41)
	at scala.concurrent.impl.CallbackRunnable.run(Promise.scala:64)
	at java.util.concurrent.ThreadPoolExecutor.runWorker(ThreadPoolExecutor.java:1149)
	at java.util.concurrent.ThreadPoolExecutor$Worker.run(ThreadPoolExecutor.java:624)
	at java.lang.Thread.run(Thread.java:748)
2020.07.30 14:01:38 INFO  build tool exit: -2147483648
2020.07.30 14:01:38 INFO  time: ran 'sbt bloopInstall' in 3.51s
2020.07.30 14:01:38 ERROR sbt command failed: sbt run -Dbloop.export-jar-classifiers=sources bloopInstall
2020.07.30 14:02:10 INFO  running 'sbt run -Dbloop.export-jar-classifiers=sources bloopInstall'
java.lang.RuntimeException: CreateProcessW() failed, error: 2
	at com.zaxxer.nuprocess.windows.WindowsProcess.prepareProcess(WindowsProcess.java:303)
	at com.zaxxer.nuprocess.windows.WindowsProcess.start(WindowsProcess.java:230)
	at com.zaxxer.nuprocess.windows.WinProcessFactory.createProcess(WinProcessFactory.java:42)
	at com.zaxxer.nuprocess.NuProcessBuilder.start(NuProcessBuilder.java:259)
	at scala.meta.internal.builds.ShellRunner.run(ShellRunner.scala:79)
	at scala.meta.internal.builds.BloopInstall.runArgumentsUnconditionally(BloopInstall.scala:71)
	at scala.meta.internal.builds.BloopInstall.$anonfun$runUnconditionally$1(BloopInstall.scala:45)
	at scala.meta.internal.builds.BloopPluginBuildTool.bloopInstall(BloopPluginBuildTool.scala:17)
	at scala.meta.internal.builds.BloopInstall.runUnconditionally(BloopInstall.scala:43)
	at scala.meta.internal.metals.MetalsLanguageServer.slowConnectToBuildServer(MetalsLanguageServer.scala:1577)
	at scala.meta.internal.metals.MetalsLanguageServer.$anonfun$slowConnectToBuildServer$1(MetalsLanguageServer.scala:1562)
	at scala.concurrent.Future.$anonfun$flatMap$1(Future.scala:307)
	at scala.concurrent.impl.Promise.$anonfun$transformWith$1(Promise.scala:41)
	at scala.concurrent.impl.CallbackRunnable.run(Promise.scala:64)
	at java.util.concurrent.ThreadPoolExecutor.runWorker(ThreadPoolExecutor.java:1149)
	at java.util.concurrent.ThreadPoolExecutor$Worker.run(ThreadPoolExecutor.java:624)
	at java.lang.Thread.run(Thread.java:748)
2020.07.30 14:02:10 INFO  build tool exit: -2147483648
2020.07.30 14:02:11 INFO  time: ran 'sbt bloopInstall' in 18ms
2020.07.30 14:02:11 ERROR sbt command failed: sbt run -Dbloop.export-jar-classifiers=sources bloopInstall
Jul 30, 2020 2:03:28 PM org.eclipse.lsp4j.jsonrpc.RemoteEndpoint handleCancellation
WARNING: Unmatched cancel notification for request id 15
Jul 30, 2020 2:03:29 PM org.eclipse.lsp4j.jsonrpc.RemoteEndpoint handleCancellation
WARNING: Unmatched cancel notification for request id 17
2020.07.30 14:17:43 INFO  shutting down Metals
